<?xml version="1.0" encoding="UTF-8"?>
<!-- Generated by org.testng.reporters.JUnitReportReporter -->
<testsuite hostname="anand" failures="0" tests="6" name="com.testNG.PriorityAnnotation" time="18.168" errors="0" timestamp="2022-11-08T05:29:44 PST" skipped="0">
  <testcase classname="com.testNG.PriorityAnnotation" name="screenShot" time="0.423"/>
  <system-out/>
  <testcase classname="com.testNG.PriorityAnnotation" name="browesersetup" time="5.098"/>
  <system-out/>
  <testcase classname="com.testNG.PriorityAnnotation" name="sinUp" time="4.085"/>
  <system-out/>
  <testcase classname="com.testNG.PriorityAnnotation" name="getWebpage" time="4.690"/>
  <system-out/>
  <testcase classname="com.testNG.PriorityAnnotation" name="getWebElement" time="3.522"/>
  <system-out/>
  <testcase classname="com.testNG.PriorityAnnotation" name="browserClose" time="0.350"/>
  <system-out/>
</testsuite> <!-- com.testNG.PriorityAnnotation -->
