<?xml version="1.0" encoding="UTF-8"?>
<!-- Generated by org.testng.reporters.JUnitReportReporter -->
<testsuite hostname="anand" failures="0" tests="3" name="com.testNG.groupOfGroups" time="16.662" errors="0" timestamp="2022-11-22T06:25:03 PST" skipped="0">
  <testcase classname="com.testNG.groupOfGroups" name="browesersetup" time="14.030"/>
  <system-out/>
  <testcase classname="com.testNG.groupOfGroups" name="sinUp" time="2.291"/>
  <system-out/>
  <testcase classname="com.testNG.groupOfGroups" name="browserClose" time="0.341"/>
  <system-out/>
</testsuite> <!-- com.testNG.groupOfGroups -->
