<?xml version="1.0" encoding="UTF-8"?>
<!-- Generated by org.testng.reporters.JUnitReportReporter -->
<testsuite hostname="anand" failures="0" tests="1" name="com.testNG.SimpleAnnotation" time="7.899" errors="0" timestamp="2022-11-08T04:19:01 PST" skipped="0">
  <testcase classname="com.testNG.SimpleAnnotation" name="sinUp" time="7.899"/>
  <system-out/>
</testsuite> <!-- com.testNG.SimpleAnnotation -->
