<?xml version="1.0" encoding="UTF-8"?>
<!-- Generated by org.testng.reporters.JUnitReportReporter -->
<testsuite hostname="anand" failures="0" tests="4" name="com.testNG.DataProviderZoho" time="25.780" errors="0" timestamp="2022-11-22T06:10:05 PST" skipped="0">
  <testcase classname="com.testNG.DataProviderZoho" name="browesersetup" time="17.445"/>
  <system-out/>
  <testcase classname="com.testNG.DataProviderZoho" name="sinUp" time="4.174"/>
  <system-out/>
  <testcase classname="com.testNG.DataProviderZoho" name="sinUp" time="3.870"/>
  <system-out/>
  <testcase classname="com.testNG.DataProviderZoho" name="browserClose" time="0.291"/>
  <system-out/>
</testsuite> <!-- com.testNG.DataProviderZoho -->
